Warning: can't render manpage for baptop
Called as "false", got:

Warning: can't render manpage for bapbuild
Called as "false", got:

Warning: can't render manpage for bap-server
Called as "false", got:

Warning: can't render manpage for bapbundle
Called as "false", got:

bap: required argument FILE is missing
Usage: bap [OPTION]... FILE
Try `bap --help' for more information.
bap: required argument FILE is missing
Usage: bap [OPTION]... FILE
Try `bap --help' for more information.
Warning: can't render manpage for primus-loader
Called as "bap --primus-loader-help=groff", got:

bap: required argument FILE is missing
Usage: bap [OPTION]... FILE
Try `bap --help' for more information.
bap: required argument FILE is missing
Usage: bap [OPTION]... FILE
Try `bap --help' for more information.
Warning: can't render manpage for primus-x86
Called as "bap --primus-x86-help=groff", got:

bap: required argument FILE is missing
Usage: bap [OPTION]... FILE
Try `bap --help' for more information.
bap: required argument FILE is missing
Usage: bap [OPTION]... FILE
Try `bap --help' for more information.
Warning: can't render manpage for ssa
Called as "bap --ssa-help=groff", got:

Warning: Module or module type Stringable not found
Warning: Module or module type Data.S not found
Warning: Module or module type Printable.S not found
Warning: Module type Regular.S not found
Warning: Class or class type Bap.Std.Taint.S.Expi.t not found
Warning: Module or module type Regular.S not found
Warning: Module or module type Regular.S not found
Warning: Module or module type Regular.S not found
Warning: Module or module type Regular.S not found
Warning: Module or module type Regular.S not found
Warning: Module or module type Regular.S not found
Warning: Module or module type Regular.S not found
Warning: Module or module type Regular.S not found
Warning: Module or module type Regular.S not found
Warning: Module or module type Regular.S not found
Warning: Module type Graph not found
Warning: Module or module type Graph not found
Warning: Module or module type Printable.S not found
Warning: Module or module type Node not found
Warning: Module or module type Printable.S not found
Warning: Module or module type Edge not found
Warning: Module type Graph not found
Warning: Module type Graph not found
Warning: Module or module type Printable.S not found
Warning: Module or module type Opaque.S not found
Warning: Module or module type Regular.S not found
Warning: Module or module type Regular.S not found
Warning: Module or module type Regular.S not found
Warning: Module or module type Regular.S not found
Warning: Module or module type Regular.S not found
Warning: Module or module type Container.S1 not found
Warning: Module or module type Regular.S not found
Warning: Module or module type Regular.S not found
Warning: Module or module type Printable.S not found
Warning: Class or class type Bap.Std.Biri.t not found
Warning: Class or class type Bap.Std.Biri.S.Expi.t not found
Warning: Module or module type Container.S1 not found
Warning: Module or module type Regular.S not found
Warning: Module type Identifiable not found
Warning: Module or module type Regular.S not found
Warning: Module or module type Regular.S not found
Warning: Module or module type Regular.S not found
Warning: Class or class type Bap.Std.Bili.t not found
Warning: Class or class type Bap.Std.Bili.S.Expi.t not found
Warning: Class or class type Bap.Std.Expi.t not found
Warning: Class or class type Bap.Std.Expi.S.Eval.semantics not found
Warning: Module type T2 not found
Warning: Class or class type T2(M).eff not found
Warning: Class or class type T2(M).domain not found
Warning: Class or class type T2(M).semantics not found
Warning: Module type T2 not found
Warning: Class or class type T1(M).eff not found
Warning: Class or class type T1(M).domain not found
Warning: Class or class type T1(M).semantics not found
Warning: Module type T1 not found
Warning: Module or module type Regular.S not found
Warning: Module or module type Regular.S not found
Warning: Module or module type Regular.S not found
Warning: Module or module type Printable.S not found
Warning: Module type Printable.S not found
Warning: Module or module type Regular.S not found
Warning: Module or module type Data.S not found
Warning: Module or module type Printable.S not found
Warning: Module or module type Bap.Std.Legacy.Monad.Infix not found
Warning: Module type Comparable not found
Warning: Module or module type Regular.S not found
Warning: Module or module type Regular.S not found
Warning: Element Regular.Std not found
Warning: Element Regular.Std.Regular.S not found
Warning: Element Graphlib.Std not found
Warning: Element ARM not found
Warning: Element X86_cpu not found
Warning: Element bv_string not found
Warning: Element Bil.visitor not found
Warning: Element Bil.fold not found
Warning: Element Bil.iter not found
Warning: Element Bil.find not found
Warning: Element Bil.map not found
Warning: Element Bil.exists not found
Warning: Element Bil.fold not found
Warning: Element Bil.iter not found
Warning: Element Bil.find not found
Warning: Element Bil.exists not found
Warning: Element Rooter.empty not found
Warning: Element Rooter.empty not found
Warning: Element Graphlib.Std not found
Warning: Element Graph not found
Warning: Element Graph not found
Warning: Element ARM not found
Warning: Element IA32 not found
Warning: Element AMD64 not found
Warning: Element find not found
Warning: Element Graphlib.Ir not found
Warning: Element Graphlib.Ir not found
Warning: Element run_pass not found
Warning: Element Regular.Std not found
Warning: Element Regular.Std.Regular.S not found
Warning: Element Graphlib.Std not found
Warning: Element ARM not found
Warning: Element X86_cpu not found
Warning: Element bv_string not found
Warning: Element Bil.visitor not found
Warning: Element Bil.fold not found
Warning: Element Bil.iter not found
Warning: Element Bil.find not found
Warning: Element Bil.map not found
Warning: Element Bil.exists not found
Warning: Element Bil.fold not found
Warning: Element Bil.iter not found
Warning: Element Bil.find not found
Warning: Element Bil.exists not found
Warning: Element Rooter.empty not found
Warning: Element Rooter.empty not found
Warning: Element Graphlib.Std not found
Warning: Element Graph not found
Warning: Element Graph not found
Warning: Element ARM not found
Warning: Element IA32 not found
Warning: Element AMD64 not found
Warning: Element find not found
Warning: Element Graphlib.Ir not found
Warning: Element Graphlib.Ir not found
Warning: Element run_pass not found
Warning: Element bv_string not found
Warning: Element Bil.visitor not found
Warning: Element Bil.fold not found
Warning: Element Bil.iter not found
Warning: Element Bil.find not found
Warning: Element Bil.map not found
Warning: Element Bil.exists not found
Warning: Element Bil.fold not found
Warning: Element Bil.iter not found
Warning: Element Bil.find not found
Warning: Element Bil.exists not found
Warning: Element Rooter.empty not found
Warning: Element Rooter.empty not found
Warning: Element Graphlib.Std not found
Warning: Element Graph not found
Warning: Element Graph not found
Warning: Element find not found
Warning: Element Graphlib.Ir not found
Warning: Element Graphlib.Ir not found
Warning: Element run_pass not found
Warning: Element Rooter.empty not found
Warning: Element Rooter.empty not found
Warning: Element Graph not found
Warning: Element Graph not found
Warning: Element run_pass not found
Warning: Element bool_of_string not found
Warning: Element int_of_string not found
Warning: Element Nativeint.of_string not found
Warning: Element Int32.of_string not found
Warning: Element Int64.of_string not found
Warning: Element float_of_string not found
Warning: Element Pervasives.compare not found
Warning: Element Sys.file_exists not found
Warning: Element Sys.file_exists not found
Warning: Element Sys.is_directory not found
Warning: Element Sys.file_exists not found
Warning: Element Sys.is_directory not found
Warning: Module type Blit.S_distinct not found
Warning: Module type Blit.S_distinct not found
Warning: Module or module type Identifiable.S not found
Warning: Module or module type Blit.S not found
Warning: Module or module type Container.S0 not found
Warning: Module or module type Hashable.S not found
Warning: Module or module type Comparable.S not found
Warning: Module or module type Pretty_printer.S not found
Warning: Module or module type Hashable.S_binable not found
Warning: Module or module type Comparable.S_binable not found
Warning: Module or module type Identifiable not found
Warning: Module or module type Sequence not found
Warning: Module or module type Pretty_printer.S not found
Warning: Element Strings not found
Warning: Element Cache.S not found
Warning: Element Sys.max_string_length not found
Warning: Element Sys.max_string_length not found
Warning: Element Sys.max_string_length not found
Warning: Element Sys.max_string_length not found
Warning: Element Sys.max_string_length not found
Warning: Element Sys.max_string_length not found
Warning: Element iter not found
Warning: Element Sys.max_string_length not found
Warning: Element String.init not found
Warning: Element String.map not found
Warning: Element String.mapi not found
Warning: Element String.length not found
Warning: Element String.length not found
Warning: Element Marshal.from_bytes not found
Warning: Element Strings not found
Warning: Element Cache.S not found
Warning: Element Sys.max_string_length not found
Warning: Element Sys.max_string_length not found
Warning: Element Sys.max_string_length not found
Warning: Element Sys.max_string_length not found
Warning: Element Sys.max_string_length not found
Warning: Element Sys.max_string_length not found
Warning: Element iter not found
Warning: Element Sys.max_string_length not found
Warning: Element String.init not found
Warning: Element String.map not found
Warning: Element String.mapi not found
Warning: Element String.length not found
Warning: Element String.length not found
Warning: Element Marshal.from_bytes not found
Warning: Element Cache.S not found
Warning: Element Sys.max_string_length not found
Warning: Element Sys.max_string_length not found
Warning: Element Sys.max_string_length not found
Warning: Element Sys.max_string_length not found
Warning: Element Sys.max_string_length not found
Warning: Element Sys.max_string_length not found
Warning: Element iter not found
Warning: Element Sys.max_string_length not found
Warning: Element String.init not found
Warning: Element String.map not found
Warning: Element String.mapi not found
Warning: Element String.length not found
Warning: Element String.length not found
Warning: Element Marshal.from_bytes not found
Warning: Element String.init not found
Warning: Element String.map not found
Warning: Element String.mapi not found
Warning: Element String.length not found
Warning: Element String.length not found
Warning: Element Marshal.from_bytes not found
Uncaught exception:
  
  (Failure
   "Command: 'ocamlfind ocamldoc -package regular,ppx_jane,core_kernel,core_kernel -dump /tmp/bapdoc9bd73a.mldoc /home/ivg/.opam/4.03/lib/regular/regular.mli' failed")

Raised at file "pervasives.ml", line 32, characters 22-33
Called from file "bapdoc.ml", line 134, characters 2-154
Called from file "src/core_list0.ml", line 482, characters 13-17
Called from file "src/core_list0.ml", line 491, characters 15-31
Called from file "bapdoc.ml", line 291, characters 9-20
